🏗️  开始完整构建验证...
验证时间: Mon Feb 16 09:04:35 CST 2026
🧹 清理构建目录...
✅ 构建目录已重新创建
📋 复制配置文件...
✅ 复制 project.json
✅ 复制 main.js
✅ 复制 game.js
✅ 复制 game.json
✅ 复制 app.json
✅ 复制 sitemap.json
✅ 复制 project.config.json
✅ 复制 project.private.config.json
📄 复制页面文件...
✅ 复制 pages/index/index.js
✅ 复制 pages/index/index.json
✅ 复制 pages/index/index.wxml
✅ 复制 pages/index/index.wxss
🔍 验证构建结果...
⚙️  配置文件检查:
✅ project.json 存在
✅ main.js 存在
✅ game.js 存在
✅ game.json 存在
✅ app.json 存在
✅ sitemap.json 存在
✅ project.config.json 存在
✅ project.private.config.json 存在
📄 页面文件检查:
✅ pages/index/index.js 存在
✅ pages/index/index.json 存在
✅ pages/index/index.wxml 存在
✅ pages/index/index.wxss 存在
🔍 内容验证:
✅ game.js 使用正确的API
✅ index.wxss CSS兼容性良好
✅ 完整构建验证完成！
📄 构建报告: /root/Everything/弹弓奇兵/build/wechatgame/BUILD_REPORT.md
📝 详细日志: /root/Everything/弹弓奇兵/log/full_build_check.log
